     0  *ast.BinaryExpr {
     1  .  X: *ast.ParenExpr {
     2  .  .  Lparen: -
     3  .  .  X: *ast.BinaryExpr {
     4  .  .  .  X: *ast.BasicLit {
     5  .  .  .  .  ValuePos: -
     6  .  .  .  .  Kind: INT
     7  .  .  .  .  Value: "3"
     8  .  .  .  }
     9  .  .  .  OpPos: -
    10  .  .  .  Op: -
    11  .  .  .  Y: *ast.BasicLit {
    12  .  .  .  .  ValuePos: -
    13  .  .  .  .  Kind: INT
    14  .  .  .  .  Value: "1"
    15  .  .  .  }
    16  .  .  }
    17  .  .  Rparen: -
    18  .  }
    19  .  OpPos: -
    20  .  Op: *
    21  .  Y: *ast.BasicLit {
    22  .  .  ValuePos: -
    23  .  .  Kind: INT
    24  .  .  Value: "5"
    25  .  }
    26  }
